<?xml version="1.0" encoding="UTF-8"?>
<testsuite name="TestSuite" time="0.462" tests="8" errors="0" skipped="0" failures="7">
  <properties>
[...]
</properties>
  <testcase name="test on test(fr.df.muscu.api.web.ExopredefControllerTest)" classname="fr.df.muscu.api.web.ExopredefControllerTest" time="0.41">
    <failure message="I/O error on POST request for &quot;http://localhost:9000/v1/exopredef&quot;: Connection refused (Connection refused); nested exception is java.net.ConnectException: Connection refused (Connection refused)" type="org.springframework.web.client.ResourceAccessException"><![CDATA[org.springframework.web.client.ResourceAccessException: I/O error on POST request for "http://localhost:9000/v1/exopredef": Connection refused (Connection refused); nested exception is java.net.ConnectException: Connection refused (Connection refused)
	at java.net.PlainSocketImpl.socketConnect(Native Method)
	at java.net.AbstractPlainSocketImpl.doConnect(AbstractPlainSocketImpl.java:350)
	at java.net.AbstractPlainSocketImpl.connectToAddress(AbstractPlainSocketImpl.java:206)
	at java.net.AbstractPlainSocketImpl.connect(AbstractPlainSocketImpl.java:188)
	at java.net.SocksSocketImpl.connect(SocksSocketImpl.java:392)
	at java.net.Socket.connect(Socket.java:589)
	at java.net.Socket.connect(Socket.java:538)
	at sun.net.NetworkClient.doConnect(NetworkClient.java:180)
	at sun.net.www.http.HttpClient.openServer(HttpClient.java:463)
	at sun.net.www.http.HttpClient.openServer(HttpClient.java:558)
	at sun.net.www.http.HttpClient.<init>(HttpClient.java:242)
	at sun.net.www.http.HttpClient.New(HttpClient.java:339)
	at sun.net.www.http.HttpClient.New(HttpClient.java:357)
	at sun.net.www.protocol.http.HttpURLConnection.getNewHttpClient(HttpURLConnection.java:1220)
	at sun.net.www.protocol.http.HttpURLConnection.plainConnect0(HttpURLConnection.java:1156)
	at sun.net.www.protocol.http.HttpURLConnection.plainConnect(HttpURLConnection.java:1050)
	at sun.net.www.protocol.http.HttpURLConnection.connect(HttpURLConnection.java:984)
	at org.springframework.http.client.SimpleBufferingClientHttpRequest.executeInternal(SimpleBufferingClientHttpRequest.java:78)
	at org.springframework.http.client.AbstractBufferingClientHttpRequest.executeInternal(AbstractBufferingClientHttpRequest.java:48)
	at org.springframework.http.client.AbstractClientHttpRequest.execute(AbstractClientHttpRequest.java:53)
	at org.springframework.web.client.RestTemplate.doExecute(RestTemplate.java:619)
	at org.springframework.web.client.RestTemplate.execute(RestTemplate.java:580)
	at org.springframework.web.client.RestTemplate.postForEntity(RestTemplate.java:407)
	at fr.df.muscu.api.web.ExopredefControllerTest.test(ExopredefControllerTest.java:18)
]]></failure>
    <system-out><![CDATA[Configuring TestNG with: TestNG652Configurator
Usage: <main class> [options] The XML suite files to run
  Options:
    -configfailurepolicy               Configuration failure policy (skip or
                                       continue)
    -d                                 Output directory
    -dataproviderthreadcount           Number of threads to use when running
                                       data providers
    -excludegroups                     Comma-separated list of group names to 
                                       exclude
    -groups                            Comma-separated list of group names to be
                                       run
    -junit                             JUnit mode
                                       Default: false
    -listener                          List of .class files or list of class
                                       names implementing ITestListener or
                                       ISuiteListener
    -methods                           Comma separated of test methods
                                       Default: []
    -methodselectors                   List of .class files or list of class
                                       names implementing IMethodSelector
    -mixed                             Mixed mode - autodetect the type of
                                       current test and run it with appropriate runner
                                       Default: false
    -objectfactory                     List of .class files or list of class
                                       names implementing ITestRunnerFactory
    -parallel                          Parallel mode (methods, tests or classes)
    -port                              The port
    -reporter                          Extended configuration for custom report
                                       listener
    -suitename                         Default name of test suite, if not
                                       specified in suite definition file or source code
    -suitethreadpoolsize               Size of the thread pool to use to run
                                       suites
                                       Default: 1
    -testclass                         The list of test classes
    -testjar                           A jar file containing the tests
    -testname                          Default name of test, if not specified in
                                       suitedefinition file or source code
    -testnames                         The list of test names to run
    -testrunfactory, -testRunFactory   The factory used to create tests
    -threadcount                       Number of threads to use when running
                                       tests in parallel
    -usedefaultlisteners               Whether to use the default listeners
                                       Default: true
    -log, -verbose                     Level of verbosity
    -xmlpathinjar                      The full path to the xml file inside the
                                       jar file (only valid if -testjar was
                                       specified)
                                       Default: testng.xml

Configuring TestNG with: TestNG652Configurator
]]></system-out>
    <system-err><![CDATA[[TestNG] [ERROR] No test suite found. Nothing to run
java.io.FileNotFoundException: /Users/florent/Documents/Workspaces/workspace-sts-3.9.4.RELEASE/MuscuAPI-master/target/surefire-reports/testng-results.xml (No such file or directory)
	at java.io.FileOutputStream.open0(Native Method)
	at java.io.FileOutputStream.open(FileOutputStream.java:270)
	at java.io.FileOutputStream.<init>(FileOutputStream.java:213)
	at java.io.FileOutputStream.<init>(FileOutputStream.java:162)
	at java.io.FileWriter.<init>(FileWriter.java:90)
	at org.testng.internal.Utils.writeUtf8File(Utils.java:107)
	at org.testng.reporters.XMLReporter.generateReport(XMLReporter.java:66)
	at org.testng.TestNG.generateReports(TestNG.java:1115)
	at org.testng.TestNG.run(TestNG.java:1074)
	at org.apache.maven.surefire.testng.TestNGExecutor.run(TestNGExecutor.java:115)
	at org.apache.maven.surefire.testng.TestNGDirectoryTestSuite.executeMulti(TestNGDirectoryTestSuite.java:205)
	at org.apache.maven.surefire.testng.TestNGDirectoryTestSuite.execute(TestNGDirectoryTestSuite.java:108)
	at org.apache.maven.surefire.testng.TestNGProvider.invoke(TestNGProvider.java:111)
	at org.apache.maven.surefire.booter.ForkedBooter.invokeProviderInSameClassLoader(ForkedBooter.java:203)
	at org.apache.maven.surefire.booter.ForkedBooter.runSuitesInProcess(ForkedBooter.java:155)
	at org.apache.maven.surefire.booter.ForkedBooter.main(ForkedBooter.java:103)
java.io.FileNotFoundException: /Users/florent/Documents/Workspaces/workspace-sts-3.9.4.RELEASE/MuscuAPI-master/target/surefire-reports/testng.css (No such file or directory)
	at java.io.FileOutputStream.open0(Native Method)
	at java.io.FileOutputStream.open(FileOutputStream.java:270)
	at java.io.FileOutputStream.<init>(FileOutputStream.java:213)
	at java.io.FileOutputStream.<init>(FileOutputStream.java:162)
	at org.testng.internal.Utils.writeResourceToFile(Utils.java:476)
	at org.testng.reporters.HtmlHelper.generateStylesheet(HtmlHelper.java:25)
	at org.testng.reporters.SuiteHTMLReporter.generateReport(SuiteHTMLReporter.java:51)
	at org.testng.TestNG.generateReports(TestNG.java:1115)
	at org.testng.TestNG.run(TestNG.java:1074)
	at org.apache.maven.surefire.testng.TestNGExecutor.run(TestNGExecutor.java:115)
	at org.apache.maven.surefire.testng.TestNGDirectoryTestSuite.executeMulti(TestNGDirectoryTestSuite.java:205)
	at org.apache.maven.surefire.testng.TestNGDirectoryTestSuite.execute(TestNGDirectoryTestSuite.java:108)
	at org.apache.maven.surefire.testng.TestNGProvider.invoke(TestNGProvider.java:111)
	at org.apache.maven.surefire.booter.ForkedBooter.invokeProviderInSameClassLoader(ForkedBooter.java:203)
	at org.apache.maven.surefire.booter.ForkedBooter.runSuitesInProcess(ForkedBooter.java:155)
	at org.apache.maven.surefire.booter.ForkedBooter.main(ForkedBooter.java:103)
SLF4J: Failed to load class "org.slf4j.impl.StaticLoggerBinder".
SLF4J: Defaulting to no-operation (NOP) logger implementation
SLF4J: See http://www.slf4j.org/codes.html#StaticLoggerBinder for further details.
]]></system-err>
  </testcase>
  <testcase name="secondTest on secondTest(fr.df.muscu.api.web.ExopredefControllerTest)" classname="fr.df.muscu.api.web.ExopredefControllerTest" time="0.014">
    <failure message="I/O error on GET request for &quot;http://localhost:9000/v1/exopredef&quot;: Connection refused (Connection refused); nested exception is java.net.ConnectException: Connection refused (Connection refused)" type="org.springframework.web.client.ResourceAccessException"><![CDATA[org.springframework.web.client.ResourceAccessException: I/O error on GET request for "http://localhost:9000/v1/exopredef": Connection refused (Connection refused); nested exception is java.net.ConnectException: Connection refused (Connection refused)
	at java.net.PlainSocketImpl.socketConnect(Native Method)
	at java.net.AbstractPlainSocketImpl.doConnect(AbstractPlainSocketImpl.java:350)
	at java.net.AbstractPlainSocketImpl.connectToAddress(AbstractPlainSocketImpl.java:206)
	at java.net.AbstractPlainSocketImpl.connect(AbstractPlainSocketImpl.java:188)
	at java.net.SocksSocketImpl.connect(SocksSocketImpl.java:392)
	at java.net.Socket.connect(Socket.java:589)
	at java.net.Socket.connect(Socket.java:538)
	at sun.net.NetworkClient.doConnect(NetworkClient.java:180)
	at sun.net.www.http.HttpClient.openServer(HttpClient.java:463)
	at sun.net.www.http.HttpClient.openServer(HttpClient.java:558)
	at sun.net.www.http.HttpClient.<init>(HttpClient.java:242)
	at sun.net.www.http.HttpClient.New(HttpClient.java:339)
	at sun.net.www.http.HttpClient.New(HttpClient.java:357)
	at sun.net.www.protocol.http.HttpURLConnection.getNewHttpClient(HttpURLConnection.java:1220)
	at sun.net.www.protocol.http.HttpURLConnection.plainConnect0(HttpURLConnection.java:1156)
	at sun.net.www.protocol.http.HttpURLConnection.plainConnect(HttpURLConnection.java:1050)
	at sun.net.www.protocol.http.HttpURLConnection.connect(HttpURLConnection.java:984)
	at org.springframework.http.client.SimpleBufferingClientHttpRequest.executeInternal(SimpleBufferingClientHttpRequest.java:78)
	at org.springframework.http.client.AbstractBufferingClientHttpRequest.executeInternal(AbstractBufferingClientHttpRequest.java:48)
	at org.springframework.http.client.AbstractClientHttpRequest.execute(AbstractClientHttpRequest.java:53)
	at org.springframework.web.client.RestTemplate.doExecute(RestTemplate.java:619)
	at org.springframework.web.client.RestTemplate.execute(RestTemplate.java:580)
	at org.springframework.web.client.RestTemplate.getForEntity(RestTemplate.java:312)
	at fr.df.muscu.api.web.ExopredefControllerTest.secondTest(ExopredefControllerTest.java:24)
]]></failure>
  </testcase>
  <testcase name="testAddExoPredef on testAddExoPredef(fr.df.muscu.api.web.SeancepredefControllerTest)" classname="fr.df.muscu.api.web.SeancepredefControllerTest" time="0.007">
    <failure message="I/O error on POST request for &quot;http://localhost:9000/v1/seancepredef/7&quot;: Connection refused (Connection refused); nested exception is java.net.ConnectException: Connection refused (Connection refused)" type="org.springframework.web.client.ResourceAccessException"><![CDATA[org.springframework.web.client.ResourceAccessException: I/O error on POST request for "http://localhost:9000/v1/seancepredef/7": Connection refused (Connection refused); nested exception is java.net.ConnectException: Connection refused (Connection refused)
	at java.net.PlainSocketImpl.socketConnect(Native Method)
	at java.net.AbstractPlainSocketImpl.doConnect(AbstractPlainSocketImpl.java:350)
	at java.net.AbstractPlainSocketImpl.connectToAddress(AbstractPlainSocketImpl.java:206)
	at java.net.AbstractPlainSocketImpl.connect(AbstractPlainSocketImpl.java:188)
	at java.net.SocksSocketImpl.connect(SocksSocketImpl.java:392)
	at java.net.Socket.connect(Socket.java:589)
	at java.net.Socket.connect(Socket.java:538)
	at sun.net.NetworkClient.doConnect(NetworkClient.java:180)
	at sun.net.www.http.HttpClient.openServer(HttpClient.java:463)
	at sun.net.www.http.HttpClient.openServer(HttpClient.java:558)
	at sun.net.www.http.HttpClient.<init>(HttpClient.java:242)
	at sun.net.www.http.HttpClient.New(HttpClient.java:339)
	at sun.net.www.http.HttpClient.New(HttpClient.java:357)
	at sun.net.www.protocol.http.HttpURLConnection.getNewHttpClient(HttpURLConnection.java:1220)
	at sun.net.www.protocol.http.HttpURLConnection.plainConnect0(HttpURLConnection.java:1156)
	at sun.net.www.protocol.http.HttpURLConnection.plainConnect(HttpURLConnection.java:1050)
	at sun.net.www.protocol.http.HttpURLConnection.connect(HttpURLConnection.java:984)
	at org.springframework.http.client.SimpleBufferingClientHttpRequest.executeInternal(SimpleBufferingClientHttpRequest.java:78)
	at org.springframework.http.client.AbstractBufferingClientHttpRequest.executeInternal(AbstractBufferingClientHttpRequest.java:48)
	at org.springframework.http.client.AbstractClientHttpRequest.execute(AbstractClientHttpRequest.java:53)
	at org.springframework.web.client.RestTemplate.doExecute(RestTemplate.java:619)
	at org.springframework.web.client.RestTemplate.execute(RestTemplate.java:580)
	at org.springframework.web.client.RestTemplate.postForEntity(RestTemplate.java:407)
	at fr.df.muscu.api.web.SeancepredefControllerTest.testAddExoPredef(SeancepredefControllerTest.java:43)
]]></failure>
  </testcase>
  <testcase name="testSaveSeanceWithNewExoPredef on testSaveSeanceWithNewExoPredef(fr.df.muscu.api.web.SeancepredefControllerTest)" classname="fr.df.muscu.api.web.SeancepredefControllerTest" time="0.013">
    <failure message="I/O error on POST request for &quot;http://localhost:9000/v1/seancepredef&quot;: Connection refused (Connection refused); nested exception is java.net.ConnectException: Connection refused (Connection refused)" type="org.springframework.web.client.ResourceAccessException"><![CDATA[org.springframework.web.client.ResourceAccessException: I/O error on POST request for "http://localhost:9000/v1/seancepredef": Connection refused (Connection refused); nested exception is java.net.ConnectException: Connection refused (Connection refused)
	at java.net.PlainSocketImpl.socketConnect(Native Method)
	at java.net.AbstractPlainSocketImpl.doConnect(AbstractPlainSocketImpl.java:350)
	at java.net.AbstractPlainSocketImpl.connectToAddress(AbstractPlainSocketImpl.java:206)
	at java.net.AbstractPlainSocketImpl.connect(AbstractPlainSocketImpl.java:188)
	at java.net.SocksSocketImpl.connect(SocksSocketImpl.java:392)
	at java.net.Socket.connect(Socket.java:589)
	at java.net.Socket.connect(Socket.java:538)
	at sun.net.NetworkClient.doConnect(NetworkClient.java:180)
	at sun.net.www.http.HttpClient.openServer(HttpClient.java:463)
	at sun.net.www.http.HttpClient.openServer(HttpClient.java:558)
	at sun.net.www.http.HttpClient.<init>(HttpClient.java:242)
	at sun.net.www.http.HttpClient.New(HttpClient.java:339)
	at sun.net.www.http.HttpClient.New(HttpClient.java:357)
	at sun.net.www.protocol.http.HttpURLConnection.getNewHttpClient(HttpURLConnection.java:1220)
	at sun.net.www.protocol.http.HttpURLConnection.plainConnect0(HttpURLConnection.java:1156)
	at sun.net.www.protocol.http.HttpURLConnection.plainConnect(HttpURLConnection.java:1050)
	at sun.net.www.protocol.http.HttpURLConnection.connect(HttpURLConnection.java:984)
	at org.springframework.http.client.SimpleBufferingClientHttpRequest.executeInternal(SimpleBufferingClientHttpRequest.java:78)
	at org.springframework.http.client.AbstractBufferingClientHttpRequest.executeInternal(AbstractBufferingClientHttpRequest.java:48)
	at org.springframework.http.client.AbstractClientHttpRequest.execute(AbstractClientHttpRequest.java:53)
	at org.springframework.web.client.RestTemplate.doExecute(RestTemplate.java:619)
	at org.springframework.web.client.RestTemplate.execute(RestTemplate.java:580)
	at org.springframework.web.client.RestTemplate.postForEntity(RestTemplate.java:407)
	at fr.df.muscu.api.web.SeancepredefControllerTest.testSaveSeanceWithNewExoPredef(SeancepredefControllerTest.java:58)
]]></failure>
  </testcase>
  <testcase name="test on test(fr.df.muscu.api.web.SeancepredefControllerTest)" classname="fr.df.muscu.api.web.SeancepredefControllerTest" time="0.006">
    <failure message="I/O error on POST request for &quot;http://localhost:9000/v1/seancepredef&quot;: Connection refused (Connection refused); nested exception is java.net.ConnectException: Connection refused (Connection refused)" type="org.springframework.web.client.ResourceAccessException"><![CDATA[org.springframework.web.client.ResourceAccessException: I/O error on POST request for "http://localhost:9000/v1/seancepredef": Connection refused (Connection refused); nested exception is java.net.ConnectException: Connection refused (Connection refused)
	at java.net.PlainSocketImpl.socketConnect(Native Method)
	at java.net.AbstractPlainSocketImpl.doConnect(AbstractPlainSocketImpl.java:350)
	at java.net.AbstractPlainSocketImpl.connectToAddress(AbstractPlainSocketImpl.java:206)
	at java.net.AbstractPlainSocketImpl.connect(AbstractPlainSocketImpl.java:188)
	at java.net.SocksSocketImpl.connect(SocksSocketImpl.java:392)
	at java.net.Socket.connect(Socket.java:589)
	at java.net.Socket.connect(Socket.java:538)
	at sun.net.NetworkClient.doConnect(NetworkClient.java:180)
	at sun.net.www.http.HttpClient.openServer(HttpClient.java:463)
	at sun.net.www.http.HttpClient.openServer(HttpClient.java:558)
	at sun.net.www.http.HttpClient.<init>(HttpClient.java:242)
	at sun.net.www.http.HttpClient.New(HttpClient.java:339)
	at sun.net.www.http.HttpClient.New(HttpClient.java:357)
	at sun.net.www.protocol.http.HttpURLConnection.getNewHttpClient(HttpURLConnection.java:1220)
	at sun.net.www.protocol.http.HttpURLConnection.plainConnect0(HttpURLConnection.java:1156)
	at sun.net.www.protocol.http.HttpURLConnection.plainConnect(HttpURLConnection.java:1050)
	at sun.net.www.protocol.http.HttpURLConnection.connect(HttpURLConnection.java:984)
	at org.springframework.http.client.SimpleBufferingClientHttpRequest.executeInternal(SimpleBufferingClientHttpRequest.java:78)
	at org.springframework.http.client.AbstractBufferingClientHttpRequest.executeInternal(AbstractBufferingClientHttpRequest.java:48)
	at org.springframework.http.client.AbstractClientHttpRequest.execute(AbstractClientHttpRequest.java:53)
	at org.springframework.web.client.RestTemplate.doExecute(RestTemplate.java:619)
	at org.springframework.web.client.RestTemplate.execute(RestTemplate.java:580)
	at org.springframework.web.client.RestTemplate.postForEntity(RestTemplate.java:407)
	at fr.df.muscu.api.web.SeancepredefControllerTest.test(SeancepredefControllerTest.java:23)
]]></failure>
  </testcase>
  <testcase name="secondTest on secondTest(fr.df.muscu.api.web.SeancepredefControllerTest)" classname="fr.df.muscu.api.web.SeancepredefControllerTest" time="0.006">
    <failure message="I/O error on GET request for &quot;http://localhost:9000/v1/seance/list&quot;: Connection refused (Connection refused); nested exception is java.net.ConnectException: Connection refused (Connection refused)" type="org.springframework.web.client.ResourceAccessException"><![CDATA[org.springframework.web.client.ResourceAccessException: I/O error on GET request for "http://localhost:9000/v1/seance/list": Connection refused (Connection refused); nested exception is java.net.ConnectException: Connection refused (Connection refused)
	at java.net.PlainSocketImpl.socketConnect(Native Method)
	at java.net.AbstractPlainSocketImpl.doConnect(AbstractPlainSocketImpl.java:350)
	at java.net.AbstractPlainSocketImpl.connectToAddress(AbstractPlainSocketImpl.java:206)
	at java.net.AbstractPlainSocketImpl.connect(AbstractPlainSocketImpl.java:188)
	at java.net.SocksSocketImpl.connect(SocksSocketImpl.java:392)
	at java.net.Socket.connect(Socket.java:589)
	at java.net.Socket.connect(Socket.java:538)
	at sun.net.NetworkClient.doConnect(NetworkClient.java:180)
	at sun.net.www.http.HttpClient.openServer(HttpClient.java:463)
	at sun.net.www.http.HttpClient.openServer(HttpClient.java:558)
	at sun.net.www.http.HttpClient.<init>(HttpClient.java:242)
	at sun.net.www.http.HttpClient.New(HttpClient.java:339)
	at sun.net.www.http.HttpClient.New(HttpClient.java:357)
	at sun.net.www.protocol.http.HttpURLConnection.getNewHttpClient(HttpURLConnection.java:1220)
	at sun.net.www.protocol.http.HttpURLConnection.plainConnect0(HttpURLConnection.java:1156)
	at sun.net.www.protocol.http.HttpURLConnection.plainConnect(HttpURLConnection.java:1050)
	at sun.net.www.protocol.http.HttpURLConnection.connect(HttpURLConnection.java:984)
	at org.springframework.http.client.SimpleBufferingClientHttpRequest.executeInternal(SimpleBufferingClientHttpRequest.java:78)
	at org.springframework.http.client.AbstractBufferingClientHttpRequest.executeInternal(AbstractBufferingClientHttpRequest.java:48)
	at org.springframework.http.client.AbstractClientHttpRequest.execute(AbstractClientHttpRequest.java:53)
	at org.springframework.web.client.RestTemplate.doExecute(RestTemplate.java:619)
	at org.springframework.web.client.RestTemplate.execute(RestTemplate.java:580)
	at org.springframework.web.client.RestTemplate.getForEntity(RestTemplate.java:312)
	at fr.df.muscu.api.web.SeancepredefControllerTest.secondTest(SeancepredefControllerTest.java:29)
]]></failure>
  </testcase>
  <testcase name="testSaveSeanceWithExistingExoPredef on testSaveSeanceWithExistingExoPredef(fr.df.muscu.api.web.SeancepredefControllerTest)" classname="fr.df.muscu.api.web.SeancepredefControllerTest" time="0.006">
    <failure message="I/O error on POST request for &quot;http://localhost:9000/v1/seancepredef&quot;: Connection refused (Connection refused); nested exception is java.net.ConnectException: Connection refused (Connection refused)" type="org.springframework.web.client.ResourceAccessException"><![CDATA[org.springframework.web.client.ResourceAccessException: I/O error on POST request for "http://localhost:9000/v1/seancepredef": Connection refused (Connection refused); nested exception is java.net.ConnectException: Connection refused (Connection refused)
	at java.net.PlainSocketImpl.socketConnect(Native Method)
	at java.net.AbstractPlainSocketImpl.doConnect(AbstractPlainSocketImpl.java:350)
	at java.net.AbstractPlainSocketImpl.connectToAddress(AbstractPlainSocketImpl.java:206)
	at java.net.AbstractPlainSocketImpl.connect(AbstractPlainSocketImpl.java:188)
	at java.net.SocksSocketImpl.connect(SocksSocketImpl.java:392)
	at java.net.Socket.connect(Socket.java:589)
	at java.net.Socket.connect(Socket.java:538)
	at sun.net.NetworkClient.doConnect(NetworkClient.java:180)
	at sun.net.www.http.HttpClient.openServer(HttpClient.java:463)
	at sun.net.www.http.HttpClient.openServer(HttpClient.java:558)
	at sun.net.www.http.HttpClient.<init>(HttpClient.java:242)
	at sun.net.www.http.HttpClient.New(HttpClient.java:339)
	at sun.net.www.http.HttpClient.New(HttpClient.java:357)
	at sun.net.www.protocol.http.HttpURLConnection.getNewHttpClient(HttpURLConnection.java:1220)
	at sun.net.www.protocol.http.HttpURLConnection.plainConnect0(HttpURLConnection.java:1156)
	at sun.net.www.protocol.http.HttpURLConnection.plainConnect(HttpURLConnection.java:1050)
	at sun.net.www.protocol.http.HttpURLConnection.connect(HttpURLConnection.java:984)
	at org.springframework.http.client.SimpleBufferingClientHttpRequest.executeInternal(SimpleBufferingClientHttpRequest.java:78)
	at org.springframework.http.client.AbstractBufferingClientHttpRequest.executeInternal(AbstractBufferingClientHttpRequest.java:48)
	at org.springframework.http.client.AbstractClientHttpRequest.execute(AbstractClientHttpRequest.java:53)
	at org.springframework.web.client.RestTemplate.doExecute(RestTemplate.java:619)
	at org.springframework.web.client.RestTemplate.execute(RestTemplate.java:580)
	at org.springframework.web.client.RestTemplate.postForEntity(RestTemplate.java:407)
	at fr.df.muscu.api.web.SeancepredefControllerTest.testSaveSeanceWithExistingExoPredef(SeancepredefControllerTest.java:72)
]]></failure>
  </testcase>
  <testcase name="testApp on testApp(fr.df.muscu.api.AppTest)" classname="fr.df.muscu.api.AppTest" time="0"/>
</testsuite>